CLIB.H
ABS.C
ATOI.C
ATOIB.C
AUXBUF.C
AVAIL.C
BSEEK.C
BTELL.C
CALL.ASM
CALLOC.C
CLEARERR.C
CSEEK.C
CSYSLIB.C
CTELL.C
DTOI.C
EXIT.C
FCLOSE.C
FEOF.C
FERROR.C
FGETC.C
FGETS.C
FOPEN.C
FPRINTF.C
FPUTC.C
FPUTS.C
FREAD.C
FREE.C
FREOPEN.C
FSCANF.C
FWRITE.C
GETARG.C
GETCHAR.C
IS.C
ISASCII.C
ISATTY.C
ISCONS.C
ITOA.C
ITOAB.C
ITOD.C
ITOO.C
ITOU.C
ITOX.C
LEFT.C
LEXCMP.C
MALLOC.C
OTOI.C
PAD.C
POLL.C
PUTCHAR.C
PUTS.C
RENAME.C
REVERSE.C
REWIND.C
SIGN.C
STRCAT.C
STRCHR.C
STRCMP.C
STRCPY.C
STRLEN.C
STRNCAT.C
STRNCMP.C
STRNCPY.C
STRRCHR.C
TOASCII.C
TOLOWER.C
TOUPPER.C
UNGETC.C
UNLINK.C
UTOI.C
XTOI.C

