ABS.OBJ
ATOI.OBJ
ATOIB.OBJ
AUXBUF.OBJ
AVAIL.OBJ
BSEEK.OBJ
BTELL.OBJ
CALL.OBJ
CALLOC.OBJ
CLEARERR.OBJ
CSEEK.OBJ
CSYSLIB.OBJ
CTELL.OBJ
DTOI.OBJ
EXIT.OBJ
FCLOSE.OBJ
FEOF.OBJ
FERROR.OBJ
FGETC.OBJ
FGETS.OBJ
FOPEN.OBJ
FPRINTF.OBJ
FPUTC.OBJ
FPUTS.OBJ
FREAD.OBJ
FREE.OBJ
FREOPEN.OBJ
FSCANF.OBJ
FWRITE.OBJ
GETARG.OBJ
GETCHAR.OBJ
IS.OBJ
ISASCII.OBJ
ISATTY.OBJ
ISCONS.OBJ
ITOA.OBJ
ITOAB.OBJ
ITOD.OBJ
ITOO.OBJ
ITOU.OBJ
ITOX.OBJ
LEFT.OBJ
LEXCMP.OBJ
MALLOC.OBJ
OTOI.OBJ
PAD.OBJ
POLL.OBJ
PUTCHAR.OBJ
PUTS.OBJ
RENAME.OBJ
REVERSE.OBJ
REWIND.OBJ
SIGN.OBJ
STRCAT.OBJ
STRCHR.OBJ
STRCMP.OBJ
STRCPY.OBJ
STRLEN.OBJ
STRNCAT.OBJ
STRNCMP.OBJ
STRNCPY.OBJ
STRRCHR.OBJ
TOASCII.OBJ
TOLOWER.OBJ
TOUPPER.OBJ
UNGETC.OBJ
UNLINK.OBJ
UTOI.OBJ
XTOI.OBJ